<?xml version="1.0" encoding="UTF-8"?>
<!-- Generated by org.testng.reporters.JUnitReportReporter -->
<testsuite hostname="ashvinis-MacBook-Pro.local" failures="0" tests="1" name="com.rms.ui.test.TravelTest" time="53.817" errors="0" timestamp="01 Feb 2021 05:33:30 GMT" skipped="0">
  <testcase classname="com.rms.ui.test.TravelTest" name="bookTravel" time="53.817"/>
</testsuite> <!-- com.rms.ui.test.TravelTest -->
